[debug] [2022-08-06T02:44:06.169Z] ----------------------------------------------------------------------
[debug] [2022-08-06T02:44:06.170Z] Command:       C:\Program Files\nodejs\node.exe C:\Users\chanc\AppData\Roaming\npm\node_modules\firebase-tools\lib\bin\firebase.js init
[debug] [2022-08-06T02:44:06.171Z] CLI Version:   11.4.2
[debug] [2022-08-06T02:44:06.171Z] Platform:      win32
[debug] [2022-08-06T02:44:06.171Z] Node Version:  v16.15.1
[debug] [2022-08-06T02:44:06.171Z] Time:          Fri Aug 05 2022 21:44:06 GMT-0500 (Central Daylight Time)
[debug] [2022-08-06T02:44:06.172Z] ----------------------------------------------------------------------
[debug] 
[debug] [2022-08-06T02:44:06.177Z] > command requires scopes: ["email","openid","https://www.googleapis.com/auth/cloudplatformprojects.readonly","https://www.googleapis.com/auth/firebase","https://www.googleapis.com/auth/cloud-platform"]
[debug] [2022-08-06T02:44:06.177Z] > authorizing via signed-in user (mysticarcadewh@gmail.com)
[info] 
     ######## #### ########  ######## ########     ###     ######  ########
     ##        ##  ##     ## ##       ##     ##  ##   ##  ##       ##
     ######    ##  ########  ######   ########  #########  ######  ######
     ##        ##  ##    ##  ##       ##     ## ##     ##       ## ##
     ##       #### ##     ## ######## ########  ##     ##  ######  ########

You're about to initialize a Firebase project in this directory:

  D:\VSCODE\.io-game

[info] 
=== Project Setup
[info] 
[info] First, let's associate this project directory with a Firebase project.
[info] You can create multiple project aliases by running firebase use --add, 
[info] but for now we'll just set up a default project.
[info] 
[debug] [2022-08-06T02:44:24.662Z] >>> [apiv2][query] GET https://firebase.googleapis.com/v1beta1/projects pageSize=100
[debug] [2022-08-06T02:44:24.904Z] <<< [apiv2][status] GET https://firebase.googleapis.com/v1beta1/projects 200
[debug] [2022-08-06T02:44:24.904Z] <<< [apiv2][body] GET https://firebase.googleapis.com/v1beta1/projects [omitted]
[info] i  Using project mystic-arcade (Mystic Arcade) 
[info] 
=== Hosting Setup
[info] 
[info] Your public directory is the folder (relative to your project directory) that
[info] will contain Hosting assets to be uploaded with firebase deploy. If you
[info] have a build process for your assets, use your build's output directory.
[info] 
